<?xml version="1.0" encoding="UTF-8"?>
<!-- Generated by org.testng.reporters.JUnitXMLReporter -->
<testsuite ignored="0" hostname="Manoj" failures="0" tests="3" name="Default test" time="0.04" errors="0" timestamp="2023-11-15T10:16:51 IST">
  <testcase classname="practice.DataProviderPractice" name="addProductToCart" time="0.005"/>
  <testcase classname="practice.DataProviderPractice" name="addProductToCart" time="0.001"/>
  <testcase classname="practice.DataProviderPractice" name="addProductToCart" time="0.001"/>
</testsuite> <!-- Default test -->
