<?xml version="1.0" encoding="UTF-8"?>
<testng-results ignored="0" total="1" passed="1" failed="0" skipped="0">
  <reporter-output>
  </reporter-output>
  <suite started-at="2023-10-30T18:50:14 IST" name="Default suite" finished-at="2023-10-30T18:51:04 IST" duration-ms="50231">
    <groups>
    </groups>
    <test started-at="2023-10-30T18:50:14 IST" name="Default test" finished-at="2023-10-30T18:51:04 IST" duration-ms="50231">
      <class name="organizationTests.CreateOrganizationWithIndustryAndTypeTest">
        <test-method is-config="true" signature="bsConfig()[pri:0, instance:organizationTests.CreateOrganizationWithIndustryAndTypeTest@183ec003]" started-at="2023-10-30T18:50:14 IST" name="bsConfig" finished-at="2023-10-30T18:50:14 IST" duration-ms="15" status="PASS">
          <reporter-output>
          </reporter-output>
        </test-method> <!-- bsConfig -->
        <test-method is-config="true" signature="bcConfig()[pri:0, instance:organizationTests.CreateOrganizationWithIndustryAndTypeTest@183ec003]" started-at="2023-10-30T18:50:14 IST" name="bcConfig" finished-at="2023-10-30T18:50:34 IST" duration-ms="19495" status="PASS">
          <reporter-output>
          </reporter-output>
        </test-method> <!-- bcConfig -->
        <test-method is-config="true" signature="bmConfig()[pri:0, instance:organizationTests.CreateOrganizationWithIndustryAndTypeTest@183ec003]" started-at="2023-10-30T18:50:34 IST" name="bmConfig" finished-at="2023-10-30T18:50:38 IST" duration-ms="4606" status="PASS">
          <reporter-output>
          </reporter-output>
        </test-method> <!-- bmConfig -->
        <test-method signature="createOrgWithIndustryTest()[pri:0, instance:organizationTests.CreateOrganizationWithIndustryAndTypeTest@183ec003]" started-at="2023-10-30T18:50:38 IST" name="createOrgWithIndustryTest" finished-at="2023-10-30T18:50:57 IST" duration-ms="18802" status="PASS">
          <reporter-output>
          </reporter-output>
        </test-method> <!-- createOrgWithIndustryTest -->
        <test-method is-config="true" signature="amConfig()[pri:0, instance:organizationTests.CreateOrganizationWithIndustryAndTypeTest@183ec003]" started-at="2023-10-30T18:50:57 IST" name="amConfig" finished-at="2023-10-30T18:51:01 IST" duration-ms="3469" status="PASS">
          <reporter-output>
          </reporter-output>
        </test-method> <!-- amConfig -->
        <test-method is-config="true" signature="acConfig()[pri:0, instance:organizationTests.CreateOrganizationWithIndustryAndTypeTest@183ec003]" started-at="2023-10-30T18:51:01 IST" name="acConfig" finished-at="2023-10-30T18:51:04 IST" duration-ms="3807" status="PASS">
          <reporter-output>
          </reporter-output>
        </test-method> <!-- acConfig -->
      </class> <!-- organizationTests.CreateOrganizationWithIndustryAndTypeTest -->
    </test> <!-- Default test -->
  </suite> <!-- Default suite -->
</testng-results>
